2024-08-25 17:41:05 info: 123-task completed at-1724587865048
2024-08-25 17:43:17 info: Server is running on port 3000
2024-08-25 17:43:21 info: Task completed for user 123 at 25/8/2024, 5:43:21 pm
2024-08-25 17:43:44 info: Task completed for user 123 at 25/8/2024, 5:43:44 pm
2024-08-25 17:43:45 warn: Rate limit exceeded for user 123. Retry after 1 seconds.
2024-08-25 17:43:46 info: Task completed for user 123 at 25/8/2024, 5:43:46 pm
2024-08-25 17:43:46 warn: Rate limit exceeded for user 123. Retry after 1 seconds.
2024-08-25 17:44:02 info: Task completed for user 123 at 25/8/2024, 5:44:02 pm
2024-08-25 17:44:02 warn: Rate limit exceeded for user 123. Retry after 1 seconds.
2024-08-25 17:44:03 info: Task completed for user 123 at 25/8/2024, 5:44:03 pm
2024-08-25 17:44:04 info: Task completed for user 123 at 25/8/2024, 5:44:04 pm
2024-08-25 17:44:05 warn: Rate limit exceeded for user 123. Retry after 1 seconds.
2024-08-25 17:44:06 info: Task completed for user 123 at 25/8/2024, 5:44:06 pm
2024-08-25 17:44:07 warn: Rate limit exceeded for user 123. Retry after 1 seconds.
2024-08-25 17:44:07 info: Task completed for user 123 at 25/8/2024, 5:44:07 pm
2024-08-25 17:44:08 warn: Rate limit exceeded for user 123. Retry after 1 seconds.
2024-08-25 17:44:09 info: Task completed for user 123 at 25/8/2024, 5:44:09 pm
2024-08-25 17:46:26 info: Server is running on port 3000
2024-08-25 17:47:06 info: Server is running on port 3000
2024-08-25 17:47:09 info: Task completed for user 123 at 25/8/2024, 5:47:09 pm
2024-08-25 17:47:28 info: Task completed for user 123 at 25/8/2024, 5:47:28 pm
2024-08-25 17:47:29 warn: Rate limit exceeded for user 123. Retry after 1 seconds.
2024-08-25 17:49:13 info: Task completed for user 123 at 25/8/2024, 5:49:13 pm
2024-08-25 17:53:59 info: Server is running on port 3000
2024-08-25 17:54:44 info: Task completed for user 123 at 25/8/2024, 5:54:44 pm
2024-08-25 17:54:49 info: Task completed for user 123 at 25/8/2024, 5:54:49 pm
2024-08-25 17:54:49 warn: Per-minute rate limit exceeded for user 123. Retry after 1 seconds.
2024-08-25 17:54:50 info: Task completed for user 123 at 25/8/2024, 5:54:50 pm
2024-08-25 17:54:51 warn: Per-minute rate limit exceeded for user 123. Retry after 1 seconds.
2024-08-25 17:54:53 info: Task completed for user 123 at 25/8/2024, 5:54:53 pm
2024-08-25 17:54:53 warn: Per-minute rate limit exceeded for user 123. Retry after 1 seconds.
2024-08-25 17:54:54 info: Task completed for user 123 at 25/8/2024, 5:54:54 pm
2024-08-25 17:54:54 warn: Per-minute rate limit exceeded for user 123. Retry after 1 seconds.
2024-08-25 17:54:55 info: Task completed for user 123 at 25/8/2024, 5:54:55 pm
2024-08-25 17:54:56 warn: Per-minute rate limit exceeded for user 123. Retry after 1 seconds.
2024-08-25 17:54:56 info: Task completed for user 123 at 25/8/2024, 5:54:56 pm
2024-08-25 17:54:57 warn: Per-minute rate limit exceeded for user 123. Retry after 1 seconds.
2024-08-25 17:55:00 info: Task completed for user 123 at 25/8/2024, 5:55:00 pm
2024-08-25 17:55:09 info: Server is running on port 3000
2024-08-25 17:55:12 warn: Per-minute rate limit exceeded for user 123. Retry after 33 seconds.
2024-08-25 17:55:14 warn: Per-minute rate limit exceeded for user 123. Retry after 30 seconds.
2024-08-25 17:55:15 warn: Per-minute rate limit exceeded for user 123. Retry after 29 seconds.
2024-08-25 17:55:17 warn: Per-minute rate limit exceeded for user 123. Retry after 27 seconds.
2024-08-25 17:55:18 warn: Per-minute rate limit exceeded for user 123. Retry after 1 seconds.
2024-08-25 17:55:19 warn: Per-minute rate limit exceeded for user 123. Retry after 25 seconds.
2024-08-25 17:55:20 warn: Per-minute rate limit exceeded for user 123. Retry after 24 seconds.
2024-08-25 17:55:21 warn: Per-minute rate limit exceeded for user 123. Retry after 1 seconds.
2024-08-25 17:55:22 warn: Per-minute rate limit exceeded for user 123. Retry after 22 seconds.
2024-08-25 17:55:24 warn: Per-minute rate limit exceeded for user 123. Retry after 20 seconds.
2024-08-25 17:55:25 warn: Per-minute rate limit exceeded for user 123. Retry after 19 seconds.
2024-08-25 17:55:29 warn: Per-minute rate limit exceeded for user 123. Retry after 15 seconds.
2024-08-25 17:55:32 warn: Per-minute rate limit exceeded for user 123. Retry after 12 seconds.
2024-08-25 17:55:35 warn: Per-minute rate limit exceeded for user 123. Retry after 9 seconds.
2024-08-25 17:55:37 warn: Per-minute rate limit exceeded for user 123. Retry after 7 seconds.
2024-08-25 17:55:39 warn: Per-minute rate limit exceeded for user 123. Retry after 5 seconds.
2024-08-25 17:55:41 warn: Per-minute rate limit exceeded for user 123. Retry after 4 seconds.
2024-08-25 17:55:42 warn: Per-minute rate limit exceeded for user 123. Retry after 3 seconds.
2024-08-25 17:55:43 warn: Per-minute rate limit exceeded for user 123. Retry after 2 seconds.
2024-08-25 17:55:44 warn: Per-minute rate limit exceeded for user 123. Retry after 1 seconds.
2024-08-25 17:55:45 warn: Per-minute rate limit exceeded for user 123. Retry after 1 seconds.
2024-08-25 17:55:46 info: Task completed for user 123 at 25/8/2024, 5:55:46 pm
2024-08-25 17:55:47 info: Task completed for user 123 at 25/8/2024, 5:55:47 pm
2024-08-25 17:55:48 warn: Per-minute rate limit exceeded for user 123. Retry after 58 seconds.
2024-08-25 17:55:49 warn: Per-minute rate limit exceeded for user 123. Retry after 56 seconds.
2024-08-25 17:55:55 info: Server is running on port 3000
2024-08-25 18:16:51 info: Server is running on port 3000
2024-08-25 18:16:54 info: Task completed for user 123 at 25/8/2024, 6:16:54 pm
2024-08-25 18:17:00 info: Task completed for user 123 at 25/8/2024, 6:17:00 pm
2024-08-25 18:17:01 warn: Rate limit exceeded for user 123. Queuing task. Retry after 1 seconds.
2024-08-25 18:17:01 info: Task completed for user 123 at 25/8/2024, 6:17:01 pm
2024-08-25 18:17:11 info: Task completed for user 123 at 25/8/2024, 6:17:11 pm
2024-08-25 18:17:24 info: Task completed for user 123 at 25/8/2024, 6:17:24 pm
2024-08-25 18:17:25 warn: Rate limit exceeded for user 123. Queuing task. Retry after 1 seconds.
2024-08-25 18:17:25 info: Task completed for user 123 at 25/8/2024, 6:17:25 pm
2024-08-25 18:17:26 info: Task completed for user 123 at 25/8/2024, 6:17:26 pm
2024-08-25 18:17:41 info: Task completed for user 123 at 25/8/2024, 6:17:41 pm
2024-08-25 18:17:43 info: Task completed for user 123 at 25/8/2024, 6:17:43 pm
2024-08-25 18:17:44 warn: Rate limit exceeded for user 123. Queuing task. Retry after 1 seconds.
2024-08-25 18:17:44 info: Task completed for user 123 at 25/8/2024, 6:17:44 pm
2024-08-25 19:11:16 info: Server is running on port 3000
2024-08-25 19:11:50 info: Task completed for user 123 at 25/8/2024, 7:11:50 pm
2024-08-25 19:11:51 info: Task completed for user 123 at 25/8/2024, 7:11:51 pm
2024-08-25 19:11:52 warn: Rate limit exceeded for user 123. Queuing task. Retry after 1 seconds.
2024-08-25 19:11:52 info: Task completed for user 123 at 25/8/2024, 7:11:52 pm
2024-08-25 19:11:53 info: Task completed for user 123 at 25/8/2024, 7:11:53 pm
2024-08-25 19:11:58 info: Task completed for user 128 at 25/8/2024, 7:11:58 pm
2024-08-25 19:11:59 warn: Rate limit exceeded for user 128. Queuing task. Retry after 1 seconds.
2024-08-25 19:11:59 info: Task completed for user 128 at 25/8/2024, 7:11:59 pm
2024-08-25 19:12:00 info: Task completed for user 128 at 25/8/2024, 7:12:00 pm
2024-08-25 19:12:14 info: Server is running on port 3000
2024-08-25 19:12:17 info: Task completed for user 128 at 25/8/2024, 7:12:17 pm
2024-08-25 19:12:18 warn: Rate limit exceeded for user 128. Queuing task. Retry after 1 seconds.
2024-08-25 19:12:18 info: Task completed for user 128 at 25/8/2024, 7:12:18 pm
2024-08-25 19:12:19 info: Task completed for user 128 at 25/8/2024, 7:12:19 pm
2024-08-25 19:12:21 info: Task completed for user 128 at 25/8/2024, 7:12:21 pm
2024-08-25 19:12:22 warn: Rate limit exceeded for user 128. Queuing task. Retry after 36 seconds.
2024-08-25 19:12:22 info: Task completed for user 128 at 25/8/2024, 7:12:22 pm
2024-08-25 19:12:23 warn: Rate limit exceeded for user 128. Queuing task. Retry after 1 seconds.
2024-08-25 19:12:23 info: Task completed for user 128 at 25/8/2024, 7:12:23 pm
2024-08-25 19:12:24 warn: Rate limit exceeded for user 128. Queuing task. Retry after 34 seconds.
2024-08-25 19:12:24 info: Task completed for user 128 at 25/8/2024, 7:12:24 pm
2024-08-25 19:12:26 warn: Rate limit exceeded for user 128. Queuing task. Retry after 33 seconds.
2024-08-25 19:12:26 info: Task completed for user 128 at 25/8/2024, 7:12:26 pm
2024-08-25 19:12:31 info: Task completed for user 123 at 25/8/2024, 7:12:31 pm
2024-08-25 19:12:32 info: Task completed for user 123 at 25/8/2024, 7:12:32 pm
2024-08-25 19:12:33 warn: Rate limit exceeded for user 123. Queuing task. Retry after 1 seconds.
2024-08-25 19:12:33 info: Task completed for user 123 at 25/8/2024, 7:12:33 pm
2024-08-25 19:12:34 warn: Rate limit exceeded for user 123. Queuing task. Retry after 15 seconds.
2024-08-25 19:12:34 info: Task completed for user 123 at 25/8/2024, 7:12:34 pm
2024-08-25 19:12:35 warn: Rate limit exceeded for user 123. Queuing task. Retry after 14 seconds.
2024-08-25 19:12:35 info: Task completed for user 123 at 25/8/2024, 7:12:35 pm
2024-08-25 19:13:09 info: Server is running on port 3000
2024-08-25 19:22:10 info: Server is running on port 3000
2024-08-25 19:22:10 error: Redis connection error: Error: getaddrinfo EAI_FAIL rediss://red-cr5jcht2ng1s73ef94b0:FSxtzRb06zMeMT94dSBYKMySwg6ADypS@oregon-redis.render.com
2024-08-25 19:22:10 error: Redis connection error: Error: getaddrinfo EAI_FAIL rediss://red-cr5jcht2ng1s73ef94b0:FSxtzRb06zMeMT94dSBYKMySwg6ADypS@oregon-redis.render.com
2024-08-25 19:22:10 error: Redis connection error: Error: getaddrinfo EAI_FAIL rediss://red-cr5jcht2ng1s73ef94b0:FSxtzRb06zMeMT94dSBYKMySwg6ADypS@oregon-redis.render.com
2024-08-25 19:22:10 error: Redis connection error: Error: getaddrinfo EAI_FAIL rediss://red-cr5jcht2ng1s73ef94b0:FSxtzRb06zMeMT94dSBYKMySwg6ADypS@oregon-redis.render.com
2024-08-25 19:22:10 error: Redis connection error: Error: getaddrinfo EAI_FAIL rediss://red-cr5jcht2ng1s73ef94b0:FSxtzRb06zMeMT94dSBYKMySwg6ADypS@oregon-redis.render.com
2024-08-25 19:22:11 error: Redis connection error: Error: getaddrinfo EAI_FAIL rediss://red-cr5jcht2ng1s73ef94b0:FSxtzRb06zMeMT94dSBYKMySwg6ADypS@oregon-redis.render.com
2024-08-25 19:22:11 error: Redis connection error: Error: getaddrinfo EAI_FAIL rediss://red-cr5jcht2ng1s73ef94b0:FSxtzRb06zMeMT94dSBYKMySwg6ADypS@oregon-redis.render.com
2024-08-25 19:22:11 error: Redis connection error: Error: getaddrinfo EAI_FAIL rediss://red-cr5jcht2ng1s73ef94b0:FSxtzRb06zMeMT94dSBYKMySwg6ADypS@oregon-redis.render.com
2024-08-25 19:22:12 error: Redis connection error: Error: getaddrinfo EAI_FAIL rediss://red-cr5jcht2ng1s73ef94b0:FSxtzRb06zMeMT94dSBYKMySwg6ADypS@oregon-redis.render.com
2024-08-25 19:22:12 error: Redis connection error: Error: getaddrinfo EAI_FAIL rediss://red-cr5jcht2ng1s73ef94b0:FSxtzRb06zMeMT94dSBYKMySwg6ADypS@oregon-redis.render.com
2024-08-25 19:22:35 info: Server is running on port 3000
2024-08-25 19:22:35 error: Redis connection error: Error: getaddrinfo EAI_FAIL rediss://red-cr5jcht2ng1s73ef94b0:FSxtzRb06zMeMT94dSBYKMySwg6ADypS@oregon-redis.render.com:6379
2024-08-25 19:22:35 error: Redis connection error: Error: getaddrinfo EAI_FAIL rediss://red-cr5jcht2ng1s73ef94b0:FSxtzRb06zMeMT94dSBYKMySwg6ADypS@oregon-redis.render.com:6379
2024-08-25 19:22:35 error: Redis connection error: Error: getaddrinfo EAI_FAIL rediss://red-cr5jcht2ng1s73ef94b0:FSxtzRb06zMeMT94dSBYKMySwg6ADypS@oregon-redis.render.com:6379
2024-08-25 19:22:35 error: Redis connection error: Error: getaddrinfo EAI_FAIL rediss://red-cr5jcht2ng1s73ef94b0:FSxtzRb06zMeMT94dSBYKMySwg6ADypS@oregon-redis.render.com:6379
2024-08-25 19:22:35 error: Redis connection error: Error: getaddrinfo EAI_FAIL rediss://red-cr5jcht2ng1s73ef94b0:FSxtzRb06zMeMT94dSBYKMySwg6ADypS@oregon-redis.render.com:6379
2024-08-25 19:22:36 error: Redis connection error: Error: getaddrinfo EAI_FAIL rediss://red-cr5jcht2ng1s73ef94b0:FSxtzRb06zMeMT94dSBYKMySwg6ADypS@oregon-redis.render.com:6379
2024-08-25 19:25:35 info: Server is running on port 3000
2024-08-25 19:25:36 error: Redis connection error: ReplyError: Protocol error: invalid auth arguments
2024-08-25 19:25:37 error: Redis connection error: Error: read ECONNRESET
2024-08-25 19:25:38 error: Redis connection error: ReplyError: Protocol error: invalid auth arguments
2024-08-25 19:25:39 error: Redis connection error: Error: read ECONNRESET
2024-08-25 19:28:32 info: Server is running on port 3000
2024-08-25 19:28:50 info: Task completed for user 123 at 25/8/2024, 7:28:50 pm
2024-08-25 19:28:52 info: Task completed for user 123 at 25/8/2024, 7:28:52 pm
2024-08-25 19:28:55 info: Task completed for user 123 at 25/8/2024, 7:28:55 pm
2024-08-25 19:28:56 info: Task completed for user 123 at 25/8/2024, 7:28:56 pm
2024-08-25 19:29:09 warn: Rate limit exceeded for user 123. Queuing task. Retry after 1 seconds.
2024-08-25 19:29:16 info: Task completed for user 123 at 25/8/2024, 7:29:16 pm
2024-08-25 19:29:17 info: Task completed for user 123 at 25/8/2024, 7:29:17 pm
2024-08-25 19:29:17 info: Task completed for user 123 at 25/8/2024, 7:29:17 pm
2024-08-25 19:29:17 info: Task completed for user 123 at 25/8/2024, 7:29:17 pm
2024-08-25 19:29:17 info: Task completed for user 123 at 25/8/2024, 7:29:17 pm
2024-08-25 19:29:18 info: Task completed for user 123 at 25/8/2024, 7:29:18 pm
2024-08-25 19:29:19 info: Task completed for user 123 at 25/8/2024, 7:29:19 pm
2024-08-25 19:29:20 info: Task completed for user 123 at 25/8/2024, 7:29:20 pm
2024-08-25 19:29:21 info: Task completed for user 123 at 25/8/2024, 7:29:21 pm
2024-08-25 19:29:23 info: Task completed for user 123 at 25/8/2024, 7:29:23 pm
2024-08-25 19:29:24 info: Task completed for user 123 at 25/8/2024, 7:29:24 pm
2024-08-25 19:29:26 info: Task completed for user 123 at 25/8/2024, 7:29:26 pm
2024-08-25 19:29:30 warn: Rate limit exceeded for user 123. Queuing task. Retry after 1 seconds.
2024-08-25 19:29:30 info: Task completed for user 123 at 25/8/2024, 7:29:30 pm
2024-08-25 19:29:31 info: Task completed for user 123 at 25/8/2024, 7:29:31 pm
2024-08-25 19:29:32 info: Task completed for user 123 at 25/8/2024, 7:29:32 pm
2024-08-25 19:29:39 info: Server is running on port 3000
2024-08-25 19:29:40 info: Server is running on port 3000
2024-08-25 19:29:42 warn: Rate limit exceeded for user 123. Queuing task. Retry after 7 seconds.
2024-08-25 19:29:45 warn: Rate limit exceeded for user 123. Queuing task. Retry after 4 seconds.
2024-08-25 19:29:46 info: Task completed for user 123 at 25/8/2024, 7:29:46 pm
2024-08-25 19:29:47 info: Task completed for user 123 at 25/8/2024, 7:29:47 pm
2024-08-25 19:29:47 warn: Rate limit exceeded for user 123. Queuing task. Retry after 2 seconds.
2024-08-25 19:29:47 info: Task completed for user 123 at 25/8/2024, 7:29:47 pm
2024-08-25 19:29:53 info: Server is running on port 3000
2024-08-25 19:40:02 info: Server is running on port 3000
2024-08-25 19:40:08 info: Task completed for user 123 at 25/8/2024, 7:40:07 pm
2024-08-25 19:40:09 info: Task completed for user 123 at 25/8/2024, 7:40:09 pm
2024-08-25 19:40:10 info: Task completed for user 123 at 25/8/2024, 7:40:10 pm
2024-08-25 19:40:11 info: Task completed for user 123 at 25/8/2024, 7:40:11 pm
2024-08-25 20:00:28 info: Server is running on port 3000
